<?xml version="1.0" encoding="UTF-8"?>
<!-- Generated by org.testng.reporters.JUnitReportReporter -->
<testsuite hostname="DESKTOP-IP8T052" failures="0" tests="1" name="Test.FlujoNavegacionTest" time="19.084" errors="0" timestamp="2025-06-24T20:53:01 ART" skipped="0">
  <testcase classname="Test.FlujoNavegacionTest" name="flujoCompleto" time="19.084"/>
</testsuite> <!-- Test.FlujoNavegacionTest -->
