<?xml version="1.0" encoding="UTF-8"?>
<!-- Generated by org.testng.reporters.JUnitReportReporter -->
<testsuite hostname="DESKTOP-IP8T052" failures="0" tests="1" name="Test.NoticiaTest" time="4.958" errors="0" timestamp="2025-06-19T23:17:49 ART" skipped="0">
  <testcase classname="Test.NoticiaTest" name="goToNotica" time="4.958"/>
</testsuite> <!-- Test.NoticiaTest -->
