<?xml version="1.0" encoding="UTF-8"?>
<!-- Generated by org.testng.reporters.JUnitReportReporter -->
<testsuite hostname="DESKTOP-IP8T052" failures="0" tests="1" name="Test.RedesTest" time="7.649" errors="0" timestamp="2025-06-19T23:17:49 ART" skipped="0">
  <testcase classname="Test.RedesTest" name="goToRedes" time="7.649"/>
</testsuite> <!-- Test.RedesTest -->
